  main.cpp
c:\rl\cartpole a3c\cartpole a3c\a3c.h(403): warning C4267: 'initializing': conversion from 'size_t' to 'int', possible loss of data
main.cpp(68): warning C4244: '=': conversion from 'clock_t' to 'float', possible loss of data
main.cpp(228): warning C4244: '*=': conversion from 'double' to 'float', possible loss of data
main.cpp(317): warning C4244: '=': conversion from 'clock_t' to 'float', possible loss of data
main.cpp(464): warning C4244: '*=': conversion from 'double' to 'float', possible loss of data
  Generating code
c:\rl\mtnn\include\ilayer.h(259): warning C4715: 'Layer_Functions<1,4,1>::activation_derivative': not all control paths return a value
c:\rl\mtnn\include\ilayer.h(259): warning C4715: 'Layer_Functions<1,200,1>::activation_derivative': not all control paths return a value
c:\rl\mtnn\include\ilayer.h(259): warning C4715: 'Layer_Functions<1,128,1>::activation_derivative': not all control paths return a value
c:\rl\mtnn\include\ilayer.h(259): warning C4715: 'Layer_Functions<1,2,1>::activation_derivative': not all control paths return a value
c:\rl\mtnn\include\ilayer.h(259): warning C4715: 'Layer_Functions<1,1,1>::activation_derivative': not all control paths return a value
c:\rl\mtnn\include\ilayer.h(242): warning C4715: 'Layer_Functions<1,2,1>::activate': not all control paths return a value
c:\rl\mtnn\include\ilayer.h(242): warning C4715: 'Layer_Functions<1,1,1>::activate': not all control paths return a value
c:\rl\mtnn\include\ilayer.h(242): warning C4715: 'Layer_Functions<1,200,1>::activate': not all control paths return a value
c:\rl\mtnn\include\ilayer.h(242): warning C4715: 'Layer_Functions<1,128,1>::activate': not all control paths return a value
c:\rl\mtnn\include\ilayer.h(242): warning C4715: 'Layer_Functions<1,4,1>::activate': not all control paths return a value
  629 of 3761 functions (16.7%) were compiled, the rest were copied from previous compilation.
    0 functions were new in current compilation
    130 functions had inline decision re-evaluated but remain unchanged
  Finished generating code
  Cartpole A3C.vcxproj -> C:\RL\Cartpole A3C\x64\Release\Cartpole A3C.exe
  Cartpole A3C.vcxproj -> C:\RL\Cartpole A3C\x64\Release\Cartpole A3C.pdb (Full PDB)
