  main.cpp
c:\rl\ghcr with a3c environments\ghcr with a3c environments\a3c.h(485): warning C4267: 'initializing': conversion from 'size_t' to 'int', possible loss of data
c:\rl\ghcr with a3c environments\ghcr with a3c environments\main.cpp(172): warning C4244: '=': conversion from 'clock_t' to 'float', possible loss of data
c:\rl\ghcr with a3c environments\ghcr with a3c environments\main.cpp(283): warning C4244: '+=': conversion from 'double' to 'float', possible loss of data
c:\rl\ghcr with a3c environments\ghcr with a3c environments\main.cpp(101): warning C4101: 'demonstration_onebodies': unreferenced local variable
c:\rl\ghcr with a3c environments\ghcr with a3c environments\main.cpp(100): warning C4101: 'demonstration_states': unreferenced local variable
c:\rl\mtnn\include\neuralnet.h(1815): warning C4715: 'NeuralNet<InputLayer<10,1,8,1>,PerceptronFullConnectivityLayer<20,1,8,1,1,128,1,5,1>,PerceptronFullConnectivityLayer<30,1,128,1,1,200,1,5,1>,PerceptronFullConnectivityLayer<40,1,200,1,1,128,1,5,1>,PerceptronFullConnectivityLayer<40,1,128,1,1,1,1,0,1>,PerceptronFullConnectivityLayer<50,1,1,1,1,1,1,0,1>,OutputLayer<50,1,1,1> >::global_error': not all control paths return a value
c:\rl\mtnn\include\neuralnet.h(1815): warning C4715: 'NeuralNet<InputLayer<1,1,8,1>,PerceptronFullConnectivityLayer<2,1,8,1,1,128,1,5,1>,PerceptronFullConnectivityLayer<3,1,128,1,1,200,1,5,1>,PerceptronFullConnectivityLayer<4,1,200,1,1,128,1,5,1>,PerceptronFullConnectivityLayer<4,1,128,1,1,2,2,0,1>,PerceptronFullConnectivityLayer<5,1,2,2,1,2,2,0,1>,OutputLayer<5,1,2,2> >::global_error': not all control paths return a value
c:\rl\mtnn\include\ilayer.h(259): warning C4715: 'Layer_Functions<1,1,1>::activation_derivative': not all control paths return a value
c:\rl\mtnn\include\ilayer.h(259): warning C4715: 'Layer_Functions<1,2,2>::activation_derivative': not all control paths return a value
c:\rl\mtnn\include\ilayer.h(242): warning C4715: 'Layer_Functions<1,8,1>::activate': not all control paths return a value
c:\rl\mtnn\include\ilayer.h(242): warning C4715: 'Layer_Functions<1,128,1>::activate': not all control paths return a value
c:\rl\mtnn\include\ilayer.h(242): warning C4715: 'Layer_Functions<1,200,1>::activate': not all control paths return a value
c:\rl\mtnn\include\ilayer.h(259): warning C4715: 'Layer_Functions<1,128,1>::activation_derivative': not all control paths return a value
c:\rl\mtnn\include\ilayer.h(242): warning C4715: 'Layer_Functions<1,2,2>::activate': not all control paths return a value
c:\rl\mtnn\include\ilayer.h(259): warning C4715: 'Layer_Functions<1,200,1>::activation_derivative': not all control paths return a value
c:\rl\mtnn\include\ilayer.h(242): warning C4715: 'Layer_Functions<1,1,1>::activate': not all control paths return a value
c:\rl\mtnn\include\ilayer.h(259): warning C4715: 'Layer_Functions<1,8,1>::activation_derivative': not all control paths return a value
  GHCR with A3C Environments.vcxproj -> C:\RL\GHCR with A3C Environments\x64\Debug\GHCR with A3C Environments.exe
  GHCR with A3C Environments.vcxproj -> C:\RL\GHCR with A3C Environments\x64\Debug\GHCR with A3C Environments.pdb (Full PDB)
