  main.cpp
c:\rl\mujocobaxter\mujocobaxter\a3c.h(345): warning C4267: 'initializing': conversion from 'size_t' to 'int', possible loss of data
main.cpp(113): warning C4244: '=': conversion from 'clock_t' to 'float', possible loss of data
main.cpp(213): warning C4244: '*=': conversion from 'double' to 'float', possible loss of data
main.cpp(296): warning C4244: '=': conversion from 'clock_t' to 'float', possible loss of data
main.cpp(392): warning C4244: '*=': conversion from 'double' to 'float', possible loss of data
  Generating code
c:\rl\mtnn\include\ilayer.h(259): warning C4715: 'Layer_Functions<1,77,1>::activation_derivative': not all control paths return a value
c:\rl\mtnn\include\ilayer.h(259): warning C4715: 'Layer_Functions<1,200,1>::activation_derivative': not all control paths return a value
c:\rl\mtnn\include\ilayer.h(259): warning C4715: 'Layer_Functions<1,128,1>::activation_derivative': not all control paths return a value
c:\rl\mtnn\include\ilayer.h(259): warning C4715: 'Layer_Functions<1,19,2>::activation_derivative': not all control paths return a value
c:\rl\mtnn\include\ilayer.h(259): warning C4715: 'Layer_Functions<1,1,1>::activation_derivative': not all control paths return a value
c:\rl\mtnn\include\ilayer.h(242): warning C4715: 'Layer_Functions<1,1,1>::activate': not all control paths return a value
c:\rl\mtnn\include\ilayer.h(242): warning C4715: 'Layer_Functions<1,19,2>::activate': not all control paths return a value
c:\rl\mtnn\include\ilayer.h(242): warning C4715: 'Layer_Functions<1,200,1>::activate': not all control paths return a value
c:\rl\mtnn\include\ilayer.h(242): warning C4715: 'Layer_Functions<1,128,1>::activate': not all control paths return a value
c:\rl\mtnn\include\ilayer.h(242): warning C4715: 'Layer_Functions<1,77,1>::activate': not all control paths return a value
  568 of 3762 functions (15.1%) were compiled, the rest were copied from previous compilation.
    0 functions were new in current compilation
    111 functions had inline decision re-evaluated but remain unchanged
  Finished generating code
  MuJoCoBaxter.vcxproj -> C:\RL\MuJoCoBaxter\x64\Release\MuJoCoBaxter.exe
  MuJoCoBaxter.vcxproj -> C:\RL\MuJoCoBaxter\x64\Release\MuJoCoBaxter.pdb (Full PDB)
